<?xml version="1.0" encoding="UTF-8"?>
<Site BuildName="Linux-clang++"
	BuildStamp="20240320-1506-Experimental"
	Name="Joker"
	Generator="ctest-3.22.1"
	CompilerName="/usr/bin/clang++"
	CompilerVersion="18.1.2"
	OSName="Linux"
	Hostname="Joker"
	OSRelease="5.15.146.1-microsoft-standard-WSL2"
	OSVersion="#1 SMP Thu Jan 11 04:09:03 UTC 2024"
	OSPlatform="x86_64"
	Is64Bits="1"
	VendorString="GenuineIntel"
	VendorID="Intel Corporation"
	FamilyID="6"
	ModelID="154"
	ProcessorCacheSize="18432"
	NumberOfLogicalCPU="16"
	NumberOfPhysicalCPU="8"
	TotalVirtualMemory="4096"
	TotalPhysicalMemory="15808"
	LogicalProcessorsPerPhysical="2"
	ProcessorClockFrequency="3110.41"
	>
	<Testing>
		<StartDateTime>Mar 20 23:07 CST</StartDateTime>
		<StartTestTime>1710947243</StartTestTime>
		<TestList/>
		<EndDateTime>Mar 20 23:07 CST</EndDateTime>
		<EndTestTime>1710947243</EndTestTime>
		<ElapsedMinutes>0</ElapsedMinutes>
	</Testing>
</Site>
